<?xml version="1.0" encoding="UTF-8"?>
<coverage generated="1696177380265" clover="3.2.0">
  <project timestamp="1696177380266" name="All files">
    <metrics statements="36" coveredstatements="36" conditionals="18" coveredconditionals="18" methods="7" coveredmethods="7" elements="61" coveredelements="61" complexity="0" loc="36" ncloc="36" packages="1" files="3" classes="3"/>
    <file name="countTheSmileyFaces.ts" path="D:\Web Creaml4tt3\NeverSitup\functions\countTheSmileyFaces.ts">
      <metrics statements="15" coveredstatements="15" conditionals="11" coveredconditionals="11" methods="2" coveredmethods="2"/>
      <line num="1" count="1" type="stmt"/>
      <line num="2" count="4" type="stmt"/>
      <line num="3" count="4" type="stmt"/>
      <line num="4" count="4" type="stmt"/>
      <line num="5" count="4" type="stmt"/>
      <line num="6" count="4" type="cond" truecount="2" falsecount="0"/>
      <line num="8" count="13" type="stmt"/>
      <line num="9" count="13" type="cond" truecount="2" falsecount="0"/>
      <line num="11" count="8" type="cond" truecount="1" falsecount="0"/>
      <line num="15" count="2" type="stmt"/>
      <line num="17" count="8" type="stmt"/>
      <line num="19" count="5" type="cond" truecount="1" falsecount="0"/>
      <line num="24" count="4" type="stmt"/>
      <line num="26" count="5" type="stmt"/>
      <line num="29" count="4" type="stmt"/>
    </file>
    <file name="findTheOddInt.ts" path="D:\Web Creaml4tt3\NeverSitup\functions\findTheOddInt.ts">
      <metrics statements="9" coveredstatements="9" conditionals="5" coveredconditionals="5" methods="2" coveredmethods="2"/>
      <line num="1" count="1" type="stmt"/>
      <line num="2" count="5" type="stmt"/>
      <line num="3" count="5" type="cond" truecount="2" falsecount="0"/>
      <line num="5" count="23" type="cond" truecount="2" falsecount="0"/>
      <line num="6" count="13" type="stmt"/>
      <line num="8" count="10" type="stmt"/>
      <line num="12" count="5" type="stmt"/>
      <line num="13" count="9" type="cond" truecount="1" falsecount="0"/>
      <line num="14" count="5" type="stmt"/>
    </file>
    <file name="permutaions.ts" path="D:\Web Creaml4tt3\NeverSitup\functions\permutaions.ts">
      <metrics statements="12" coveredstatements="12" conditionals="2" coveredconditionals="2" methods="3" coveredmethods="3"/>
      <line num="1" count="1" type="stmt"/>
      <line num="2" count="23" type="stmt"/>
      <line num="3" count="23" type="stmt"/>
      <line num="5" count="23" type="cond" truecount="2" falsecount="0"/>
      <line num="7" count="1" type="stmt"/>
      <line num="9" count="16" type="stmt"/>
      <line num="12" count="6" type="stmt"/>
      <line num="13" count="19" type="stmt"/>
      <line num="14" count="19" type="stmt"/>
      <line num="15" count="19" type="stmt"/>
      <line num="16" count="42" type="stmt"/>
      <line num="20" count="6" type="stmt"/>
    </file>
  </project>
</coverage>
