{"D:\\Web Creaml4tt3\\NeverSitup\\functions\\countTheSmileyFaces.ts": {"path":"D:\\Web Creaml4tt3\\NeverSitup\\functions\\countTheSmileyFaces.ts","statementMap":{"0":{"start":{"line":2,"column":15},"end":{"line":2,"column":25}},"1":{"start":{"line":3,"column":17},"end":{"line":3,"column":27}},"2":{"start":{"line":4,"column":17},"end":{"line":4,"column":27}},"3":{"start":{"line":5,"column":20},"end":{"line":5,"column":21}},"4":{"start":{"line":6,"column":2},"end":{"line":28,"column":7}},"5":{"start":{"line":8,"column":24},"end":{"line":8,"column":40}},"6":{"start":{"line":9,"column":6},"end":{"line":27,"column":null}},"7":{"start":{"line":11,"column":10},"end":{"line":16,"column":null}},"8":{"start":{"line":15,"column":12},"end":{"line":15,"column":26}},"9":{"start":{"line":17,"column":10},"end":{"line":17,"column":16}},"10":{"start":{"line":19,"column":10},"end":{"line":25,"column":null}},"11":{"start":{"line":24,"column":12},"end":{"line":24,"column":26}},"12":{"start":{"line":26,"column":10},"end":{"line":26,"column":16}},"13":{"start":{"line":29,"column":2},"end":{"line":29,"column":21}},"14":{"start":{"line":1,"column":0},"end":{"line":1,"column":16}}},"fnMap":{"0":{"name":"countTheSmileyFaces","decl":{"start":{"line":1,"column":16},"end":{"line":1,"column":35}},"loc":{"start":{"line":1,"column":55},"end":{"line":30,"column":1}}},"1":{"name":"(anonymous_1)","decl":{"start":{"line":7,"column":22},"end":{"line":7,"column":23}},"loc":{"start":{"line":7,"column":31},"end":{"line":28,"column":5}}}},"branchMap":{"0":{"loc":{"start":{"line":6,"column":2},"end":{"line":28,"column":6}},"type":"binary-expr","locations":[{"start":{"line":6,"column":2},"end":{"line":6,"column":11}},{"start":{"line":7,"column":4},"end":{"line":28,"column":6}}]},"1":{"loc":{"start":{"line":9,"column":6},"end":{"line":27,"column":null}},"type":"switch","locations":[{"start":{"line":10,"column":8},"end":{"line":17,"column":16}},{"start":{"line":18,"column":8},"end":{"line":26,"column":16}}]},"2":{"loc":{"start":{"line":11,"column":10},"end":{"line":16,"column":null}},"type":"if","locations":[{"start":{"line":11,"column":10},"end":{"line":16,"column":null}}]},"3":{"loc":{"start":{"line":12,"column":12},"end":{"line":13,"column":47}},"type":"binary-expr","locations":[{"start":{"line":12,"column":12},"end":{"line":12,"column":45}},{"start":{"line":13,"column":12},"end":{"line":13,"column":47}}]},"4":{"loc":{"start":{"line":19,"column":10},"end":{"line":25,"column":null}},"type":"if","locations":[{"start":{"line":19,"column":10},"end":{"line":25,"column":null}}]},"5":{"loc":{"start":{"line":20,"column":12},"end":{"line":22,"column":47}},"type":"binary-expr","locations":[{"start":{"line":20,"column":12},"end":{"line":20,"column":45}},{"start":{"line":21,"column":12},"end":{"line":21,"column":47}},{"start":{"line":22,"column":12},"end":{"line":22,"column":47}}]}},"s":{"0":4,"1":4,"2":4,"3":4,"4":4,"5":13,"6":13,"7":8,"8":2,"9":8,"10":5,"11":4,"12":5,"13":4,"14":1},"f":{"0":4,"1":13},"b":{"0":[4,4],"1":[8,5],"2":[2],"3":[8,8],"4":[4],"5":[5,5,5]}}
,"D:\\Web Creaml4tt3\\NeverSitup\\functions\\findTheOddInt.ts": {"path":"D:\\Web Creaml4tt3\\NeverSitup\\functions\\findTheOddInt.ts","statementMap":{"0":{"start":{"line":2,"column":37},"end":{"line":2,"column":39}},"1":{"start":{"line":3,"column":2},"end":{"line":10,"column":7}},"2":{"start":{"line":5,"column":6},"end":{"line":9,"column":null}},"3":{"start":{"line":6,"column":8},"end":{"line":6,"column":54}},"4":{"start":{"line":8,"column":8},"end":{"line":8,"column":28}},"5":{"start":{"line":12,"column":2},"end":{"line":16,"column":null}},"6":{"start":{"line":13,"column":4},"end":{"line":15,"column":null}},"7":{"start":{"line":14,"column":6},"end":{"line":14,"column":25}},"8":{"start":{"line":1,"column":0},"end":{"line":1,"column":16}}},"fnMap":{"0":{"name":"findTheOddInt","decl":{"start":{"line":1,"column":16},"end":{"line":1,"column":29}},"loc":{"start":{"line":1,"column":45},"end":{"line":17,"column":1}}},"1":{"name":"(anonymous_1)","decl":{"start":{"line":4,"column":18},"end":{"line":4,"column":19}},"loc":{"start":{"line":4,"column":25},"end":{"line":10,"column":5}}}},"branchMap":{"0":{"loc":{"start":{"line":3,"column":2},"end":{"line":10,"column":6}},"type":"binary-expr","locations":[{"start":{"line":3,"column":2},"end":{"line":3,"column":7}},{"start":{"line":4,"column":4},"end":{"line":10,"column":6}}]},"1":{"loc":{"start":{"line":5,"column":6},"end":{"line":9,"column":null}},"type":"if","locations":[{"start":{"line":5,"column":6},"end":{"line":9,"column":null}},{"start":{"line":7,"column":13},"end":{"line":9,"column":null}}]},"2":{"loc":{"start":{"line":13,"column":4},"end":{"line":15,"column":null}},"type":"if","locations":[{"start":{"line":13,"column":4},"end":{"line":15,"column":null}}]}},"s":{"0":5,"1":5,"2":23,"3":13,"4":10,"5":5,"6":9,"7":5,"8":1},"f":{"0":5,"1":23},"b":{"0":[5,5],"1":[13,10],"2":[5]}}
,"D:\\Web Creaml4tt3\\NeverSitup\\functions\\permutaions.ts": {"path":"D:\\Web Creaml4tt3\\NeverSitup\\functions\\permutaions.ts","statementMap":{"0":{"start":{"line":2,"column":30},"end":{"line":2,"column":32}},"1":{"start":{"line":3,"column":20},"end":{"line":3,"column":36}},"2":{"start":{"line":5,"column":2},"end":{"line":10,"column":null}},"3":{"start":{"line":7,"column":6},"end":{"line":7,"column":20}},"4":{"start":{"line":9,"column":6},"end":{"line":9,"column":39}},"5":{"start":{"line":12,"column":2},"end":{"line":18,"column":5}},"6":{"start":{"line":13,"column":25},"end":{"line":13,"column":38}},"7":{"start":{"line":14,"column":4},"end":{"line":14,"column":34}},"8":{"start":{"line":15,"column":4},"end":{"line":17,"column":7}},"9":{"start":{"line":16,"column":6},"end":{"line":16,"column":40}},"10":{"start":{"line":20,"column":2},"end":{"line":20,"column":40}},"11":{"start":{"line":1,"column":0},"end":{"line":1,"column":16}}},"fnMap":{"0":{"name":"permutations","decl":{"start":{"line":1,"column":16},"end":{"line":1,"column":28}},"loc":{"start":{"line":1,"column":41},"end":{"line":21,"column":1}}},"1":{"name":"(anonymous_1)","decl":{"start":{"line":12,"column":20},"end":{"line":12,"column":21}},"loc":{"start":{"line":12,"column":69},"end":{"line":18,"column":3}}},"2":{"name":"(anonymous_2)","decl":{"start":{"line":15,"column":48},"end":{"line":15,"column":49}},"loc":{"start":{"line":15,"column":71},"end":{"line":17,"column":5}}}},"branchMap":{"0":{"loc":{"start":{"line":5,"column":2},"end":{"line":10,"column":null}},"type":"switch","locations":[{"start":{"line":6,"column":4},"end":{"line":7,"column":20}},{"start":{"line":8,"column":4},"end":{"line":9,"column":39}}]}},"s":{"0":23,"1":23,"2":23,"3":1,"4":16,"5":6,"6":19,"7":19,"8":19,"9":42,"10":6,"11":1},"f":{"0":23,"1":19,"2":42},"b":{"0":[1,16]}}
}
