TN:
SF:functions\countTheSmileyFaces.ts
FN:1,countTheSmileyFaces
FN:7,(anonymous_1)
FNF:2
FNH:2
FNDA:4,countTheSmileyFaces
FNDA:13,(anonymous_1)
DA:1,1
DA:2,4
DA:3,4
DA:4,4
DA:5,4
DA:6,4
DA:8,13
DA:9,13
DA:11,8
DA:15,2
DA:17,8
DA:19,5
DA:24,4
DA:26,5
DA:29,4
LF:15
LH:15
BRDA:6,0,0,4
BRDA:6,0,1,4
BRDA:9,1,0,8
BRDA:9,1,1,5
BRDA:11,2,0,2
BRDA:12,3,0,8
BRDA:12,3,1,8
BRDA:19,4,0,4
BRDA:20,5,0,5
BRDA:20,5,1,5
BRDA:20,5,2,5
BRF:11
BRH:11
end_of_record
TN:
SF:functions\findTheOddInt.ts
FN:1,findTheOddInt
FN:4,(anonymous_1)
FNF:2
FNH:2
FNDA:5,findTheOddInt
FNDA:23,(anonymous_1)
DA:1,1
DA:2,5
DA:3,5
DA:5,23
DA:6,13
DA:8,10
DA:12,5
DA:13,9
DA:14,5
LF:9
LH:9
BRDA:3,0,0,5
BRDA:3,0,1,5
BRDA:5,1,0,13
BRDA:5,1,1,10
BRDA:13,2,0,5
BRF:5
BRH:5
end_of_record
TN:
SF:functions\permutaions.ts
FN:1,permutations
FN:12,(anonymous_1)
FN:15,(anonymous_2)
FNF:3
FNH:3
FNDA:23,permutations
FNDA:19,(anonymous_1)
FNDA:42,(anonymous_2)
DA:1,1
DA:2,23
DA:3,23
DA:5,23
DA:7,1
DA:9,16
DA:12,6
DA:13,19
DA:14,19
DA:15,19
DA:16,42
DA:20,6
LF:12
LH:12
BRDA:5,0,0,1
BRDA:5,0,1,16
BRF:2
BRH:2
end_of_record
